<?xml version='1.0' encoding='UTF-8' ?>
<testsuite name="com.example.virasat.baselineprofile.BaselineProfileGenerator" tests="1" failures="1" errors="0" skipped="0" time="4.346" timestamp="2026-05-12T06:08:31" hostname="localhost">
  <properties>
    <property name="device" value="CPH1911 - 11" />
    <property name="flavor" value="" />
    <property name="project" value=":baselineprofile" />
  </properties>
  <testcase name="generateBaselineProfile" classname="com.example.virasat.baselineprofile.BaselineProfileGenerator" time="1.083">
    <failure>junit.framework.AssertionFailedError: Failed to grant permissions, see logcat for details
at junit.framework.Assert.fail(Assert.java:50)
at androidx.test.runner.permission.PermissionRequester.requestPermissions(PermissionRequester.java:111)
at androidx.test.rule.GrantPermissionRule$RequestPermissionStatement.evaluate(GrantPermissionRule.java:135)
at org.junit.rules.RunRules.evaluate(RunRules.java:20)
at org.junit.runners.ParentRunner$3.evaluate(ParentRunner.java:306)
at org.junit.runners.BlockJUnit4ClassRunner$1.evaluate(BlockJUnit4ClassRunner.java:100)
at org.junit.runners.ParentRunner.runLeaf(ParentRunner.java:366)
at org.junit.runners.BlockJUnit4ClassRunner.runChild(BlockJUnit4ClassRunner.java:103)
at org.junit.runners.BlockJUnit4ClassRunner.runChild(BlockJUnit4ClassRunner.java:63)
at org.junit.runners.ParentRunner$4.run(ParentRunner.java:331)
at org.junit.runners.ParentRunner$1.schedule(ParentRunner.java:79)
at org.junit.runners.ParentRunner.runChildren(ParentRunner.java:329)
at org.junit.runners.ParentRunner.access$100(ParentRunner.java:66)
at org.junit.runners.ParentRunner$2.evaluate(ParentRunner.java:293)
at org.junit.runners.ParentRunner$3.evaluate(ParentRunner.java:306)
at org.junit.runners.ParentRunner.run(ParentRunner.java:413)
at androidx.test.ext.junit.runners.AndroidJUnit4.run(AndroidJUnit4.java:162)
at org.junit.runners.Suite.runChild(Suite.java:128)
at org.junit.runners.Suite.runChild(Suite.java:27)
at org.junit.runners.ParentRunner$4.run(ParentRunner.java:331)
at org.junit.runners.ParentRunner$1.schedule(ParentRunner.java:79)
at org.junit.runners.ParentRunner.runChildren(ParentRunner.java:329)
at org.junit.runners.ParentRunner.access$100(ParentRunner.java:66)
at org.junit.runners.ParentRunner$2.evaluate(ParentRunner.java:293)
at org.junit.runners.ParentRunner$3.evaluate(ParentRunner.java:306)
at org.junit.runners.ParentRunner.run(ParentRunner.java:413)
at org.junit.runner.JUnitCore.run(JUnitCore.java:137)
at org.junit.runner.JUnitCore.run(JUnitCore.java:115)
at androidx.test.internal.runner.TestExecutor.execute(TestExecutor.java:67)
at androidx.test.internal.runner.TestExecutor.execute(TestExecutor.java:58)
at androidx.test.runner.AndroidJUnitRunner.onStart(AndroidJUnitRunner.java:446)
at android.app.Instrumentation$InstrumentationThread.run(Instrumentation.java:2212)
</failure>
  </testcase>
</testsuite>